<?xml version="1.0" encoding="UTF-8"?>
<testsuite xmlns:xsi="http://www.w3.org/2001/XMLSchema-instance" xsi:noNamespaceSchemaLocation="https://maven.apache.org/surefire/maven-surefire-plugin/xsd/surefire-test-report.xsd" name="TestSuite" time="40.264" tests="6" errors="0" skipped="0" failures="1">
  <properties>
[...]
</properties>
  <testcase name="verifyTitle" classname="crm.testcases.LoginPageTest" time="0.104"/>
  <testcase name="verifyCRMLogo" classname="crm.testcases.LoginPageTest" time="0.23"/>
  <testcase name="loginTest" classname="crm.testcases.LoginPageTest" time="0"/>
  <testcase name="verifyHomePageTitleTest" classname="crm.testcases.HomePageTests" time="0.009"/>
  <testcase name="verifyUserNameTest" classname="crm.testcases.HomePageTests" time="0.086"/>
  <testcase name="verifyContactsLinkTest" classname="crm.testcases.HomePageTests" time="0.123">
    <failure message="invalid selector: Unable to locate an element with the xpath expression //a[contains(text(), &apos;Contacts&apos;)} because of the following error:&#10;SyntaxError: Failed to execute &apos;evaluate&apos; on &apos;Document&apos;: The string &apos;//a[contains(text(), &apos;Contacts&apos;)}&apos; is not a valid XPath expression.&#10;  (Session info: chrome=87.0.4280.88)&#10;For documentation on this error, please visit: https://www.seleniumhq.org/exceptions/invalid_selector_exception.html&#10;Build info: version: &apos;3.141.59&apos;, revision: &apos;e82be7d358&apos;, time: &apos;2018-11-14T08:17:03&apos;&#10;System info: host: &apos;Mohammads-MacBook-Pro-2.local&apos;, ip: &apos;fe80:0:0:0:10b6:64e6:f05e:8bb3%en0&apos;, os.name: &apos;Mac OS X&apos;, os.arch: &apos;x86_64&apos;, os.version: &apos;10.15.6&apos;, java.version: &apos;13.0.1&apos;&#10;Driver info: org.openqa.selenium.chrome.ChromeDriver&#10;Capabilities {acceptInsecureCerts: false, browserName: chrome, browserVersion: 87.0.4280.88, chrome: {chromedriverVersion: 86.0.4240.22 (398b0743353ff..., userDataDir: /var/folders/92/nl00jjg57ql...}, goog:chromeOptions: {debuggerAddress: localhost:52444}, javascriptEnabled: true, networkConnectionEnabled: false, pageLoadStrategy: normal, platform: MAC, platformName: MAC, proxy: Proxy(), setWindowRect: true, strictFileInteractability: false, timeouts: {implicit: 0, pageLoad: 300000, script: 30000}, unhandledPromptBehavior: dismiss and notify, webauthn:virtualAuthenticators: true}&#10;Session ID: ad1d401606f4b520290eccb8fc34deb4&#10;*** Element info: {Using=xpath, value=//a[contains(text(), &apos;Contacts&apos;)}}" type="org.openqa.selenium.InvalidSelectorException">org.openqa.selenium.InvalidSelectorException: 
invalid selector: Unable to locate an element with the xpath expression //a[contains(text(), 'Contacts')} because of the following error:
SyntaxError: Failed to execute 'evaluate' on 'Document': The string '//a[contains(text(), 'Contacts')}' is not a valid XPath expression.
  (Session info: chrome=87.0.4280.88)
For documentation on this error, please visit: https://www.seleniumhq.org/exceptions/invalid_selector_exception.html
Build info: version: '3.141.59', revision: 'e82be7d358', time: '2018-11-14T08:17:03'
System info: host: 'Mohammads-MacBook-Pro-2.local', ip: 'fe80:0:0:0:10b6:64e6:f05e:8bb3%en0', os.name: 'Mac OS X', os.arch: 'x86_64', os.version: '10.15.6', java.version: '13.0.1'
Driver info: org.openqa.selenium.chrome.ChromeDriver
Capabilities {acceptInsecureCerts: false, browserName: chrome, browserVersion: 87.0.4280.88, chrome: {chromedriverVersion: 86.0.4240.22 (398b0743353ff..., userDataDir: /var/folders/92/nl00jjg57ql...}, goog:chromeOptions: {debuggerAddress: localhost:52444}, javascriptEnabled: true, networkConnectionEnabled: false, pageLoadStrategy: normal, platform: MAC, platformName: MAC, proxy: Proxy(), setWindowRect: true, strictFileInteractability: false, timeouts: {implicit: 0, pageLoad: 300000, script: 30000}, unhandledPromptBehavior: dismiss and notify, webauthn:virtualAuthenticators: true}
Session ID: ad1d401606f4b520290eccb8fc34deb4
*** Element info: {Using=xpath, value=//a[contains(text(), 'Contacts')}}
	at crm.testcases.HomePageTests.verifyContactsLinkTest(HomePageTests.java:54)
</failure>
    <system-err><![CDATA[Starting ChromeDriver 86.0.4240.22 (398b0743353ff36fb1b82468f63a3a93b4e2e89e-refs/branch-heads/4240@{#378}) on port 3362
Only local connections are allowed.
Please see https://chromedriver.chromium.org/security-considerations for suggestions on keeping ChromeDriver safe.
ChromeDriver was started successfully.
[1608490465.651][WARNING]: This version of ChromeDriver has not been tested with Chrome version 87.
Dec 20, 2020 1:54:25 PM org.openqa.selenium.remote.ProtocolHandshake createSession
INFO: Detected dialect: W3C
]]></system-err>
  </testcase>
</testsuite>