<?xml version="1.0" encoding="UTF-8"?>
<testng-results ignored="0" total="6" passed="5" failed="1" skipped="0">
  <reporter-output>
  </reporter-output>
  <suite started-at="2020-12-07T23:24:42 EST" name="Free CRM Application Automation Test Suite" finished-at="2020-12-07T23:25:14 EST" duration-ms="31492">
    <groups>
    </groups>
    <test started-at="2020-12-07T23:24:42 EST" name="Free CRM App Test Cases" finished-at="2020-12-07T23:25:14 EST" duration-ms="31492">
      <class name="crm.testcases.LoginPageTest">
        <test-method is-config="true" signature="setUp()[pri:0, instance:crm.testcases.LoginPageTest@37e547da]" started-at="2020-12-07T23:24:49 EST" name="setUp" finished-at="2020-12-07T23:24:52 EST" duration-ms="3139" status="PASS">
          <reporter-output>
          </reporter-output>
        </test-method> <!-- setUp -->
        <test-method signature="verifyTitle()[pri:1, instance:crm.testcases.LoginPageTest@37e547da]" started-at="2020-12-07T23:24:52 EST" name="verifyTitle" finished-at="2020-12-07T23:24:52 EST" duration-ms="56" status="PASS">
          <reporter-output>
          </reporter-output>
        </test-method> <!-- verifyTitle -->
        <test-method is-config="true" signature="closeBrowser()[pri:0, instance:crm.testcases.LoginPageTest@37e547da]" started-at="2020-12-07T23:24:52 EST" name="closeBrowser" finished-at="2020-12-07T23:24:53 EST" duration-ms="164" status="PASS">
          <reporter-output>
          </reporter-output>
        </test-method> <!-- closeBrowser -->
        <test-method is-config="true" signature="setUp()[pri:0, instance:crm.testcases.LoginPageTest@37e547da]" started-at="2020-12-07T23:24:53 EST" name="setUp" finished-at="2020-12-07T23:24:56 EST" duration-ms="3133" status="PASS">
          <reporter-output>
          </reporter-output>
        </test-method> <!-- setUp -->
        <test-method signature="verifyCRMLogo()[pri:2, instance:crm.testcases.LoginPageTest@37e547da]" started-at="2020-12-07T23:24:56 EST" name="verifyCRMLogo" finished-at="2020-12-07T23:24:56 EST" duration-ms="150" status="PASS">
          <reporter-output>
          </reporter-output>
        </test-method> <!-- verifyCRMLogo -->
        <test-method is-config="true" signature="closeBrowser()[pri:0, instance:crm.testcases.LoginPageTest@37e547da]" started-at="2020-12-07T23:24:56 EST" name="closeBrowser" finished-at="2020-12-07T23:24:56 EST" duration-ms="120" status="PASS">
          <reporter-output>
          </reporter-output>
        </test-method> <!-- closeBrowser -->
        <test-method is-config="true" signature="setUp()[pri:0, instance:crm.testcases.LoginPageTest@37e547da]" started-at="2020-12-07T23:25:03 EST" name="setUp" finished-at="2020-12-07T23:25:06 EST" duration-ms="3273" status="PASS">
          <reporter-output>
          </reporter-output>
        </test-method> <!-- setUp -->
        <test-method signature="loginTest()[pri:3, instance:crm.testcases.LoginPageTest@37e547da]" started-at="2020-12-07T23:25:06 EST" name="loginTest" finished-at="2020-12-07T23:25:06 EST" duration-ms="2" status="PASS">
          <reporter-output>
          </reporter-output>
        </test-method> <!-- loginTest -->
        <test-method is-config="true" signature="closeBrowser()[pri:0, instance:crm.testcases.LoginPageTest@37e547da]" started-at="2020-12-07T23:25:06 EST" name="closeBrowser" finished-at="2020-12-07T23:25:06 EST" duration-ms="160" status="PASS">
          <reporter-output>
          </reporter-output>
        </test-method> <!-- closeBrowser -->
      </class> <!-- crm.testcases.LoginPageTest -->
      <class name="crm.testcases.HomePageTests">
        <test-method is-config="true" signature="setUp()[pri:0, instance:crm.testcases.HomePageTests@2b6856dd]" started-at="2020-12-07T23:24:42 EST" name="setUp" finished-at="2020-12-07T23:24:49 EST" duration-ms="6985" status="PASS">
          <reporter-output>
          </reporter-output>
        </test-method> <!-- setUp -->
        <test-method signature="verifyHomePageTitleTest()[pri:1, instance:crm.testcases.HomePageTests@2b6856dd]" started-at="2020-12-07T23:24:49 EST" name="verifyHomePageTitleTest" finished-at="2020-12-07T23:24:49 EST" duration-ms="16" status="PASS">
          <reporter-output>
          </reporter-output>
        </test-method> <!-- verifyHomePageTitleTest -->
        <test-method is-config="true" signature="closeBrowser()[pri:0, instance:crm.testcases.HomePageTests@2b6856dd]" started-at="2020-12-07T23:24:49 EST" name="closeBrowser" finished-at="2020-12-07T23:24:49 EST" duration-ms="176" status="PASS">
          <reporter-output>
          </reporter-output>
        </test-method> <!-- closeBrowser -->
        <test-method is-config="true" signature="setUp()[pri:0, instance:crm.testcases.HomePageTests@2b6856dd]" started-at="2020-12-07T23:24:56 EST" name="setUp" finished-at="2020-12-07T23:25:02 EST" duration-ms="6427" status="PASS">
          <reporter-output>
          </reporter-output>
        </test-method> <!-- setUp -->
        <test-method signature="verifyUserNameTest()[pri:2, instance:crm.testcases.HomePageTests@2b6856dd]" started-at="2020-12-07T23:25:02 EST" name="verifyUserNameTest" finished-at="2020-12-07T23:25:03 EST" duration-ms="85" status="PASS">
          <reporter-output>
          </reporter-output>
        </test-method> <!-- verifyUserNameTest -->
        <test-method is-config="true" signature="closeBrowser()[pri:0, instance:crm.testcases.HomePageTests@2b6856dd]" started-at="2020-12-07T23:25:03 EST" name="closeBrowser" finished-at="2020-12-07T23:25:03 EST" duration-ms="153" status="PASS">
          <reporter-output>
          </reporter-output>
        </test-method> <!-- closeBrowser -->
        <test-method is-config="true" signature="setUp()[pri:0, instance:crm.testcases.HomePageTests@2b6856dd]" started-at="2020-12-07T23:25:06 EST" name="setUp" finished-at="2020-12-07T23:25:13 EST" duration-ms="7082" status="PASS">
          <reporter-output>
          </reporter-output>
        </test-method> <!-- setUp -->
        <test-method signature="verifyContactsLinkTest()[pri:3, instance:crm.testcases.HomePageTests@2b6856dd]" started-at="2020-12-07T23:25:13 EST" name="verifyContactsLinkTest" finished-at="2020-12-07T23:25:13 EST" duration-ms="80" status="FAIL">
          <exception class="org.openqa.selenium.InvalidSelectorException">
            <message>
              <![CDATA[invalid selector: Unable to locate an element with the xpath expression //a[contains(text(), 'Contacts')} because of the following error:
SyntaxError: Failed to execute 'evaluate' on 'Document': The string '//a[contains(text(), 'Contacts')}' is not a valid XPath expression.
  (Session info: chrome=87.0.4280.88)
For documentation on this error, please visit: https://www.seleniumhq.org/exceptions/invalid_selector_exception.html
Build info: version: '3.141.59', revision: 'e82be7d358', time: '2018-11-14T08:17:03'
System info: host: 'Mohammads-MBP-2', ip: 'fe80:0:0:0:101c:f5e5:4d5:3f12%en0', os.name: 'Mac OS X', os.arch: 'x86_64', os.version: '10.15.6', java.version: '13.0.1'
Driver info: org.openqa.selenium.chrome.ChromeDriver
Capabilities {acceptInsecureCerts: false, browserName: chrome, browserVersion: 87.0.4280.88, chrome: {chromedriverVersion: 86.0.4240.22 (398b0743353ff..., userDataDir: /var/folders/92/nl00jjg57ql...}, goog:chromeOptions: {debuggerAddress: localhost:54187}, javascriptEnabled: true, networkConnectionEnabled: false, pageLoadStrategy: normal, platform: MAC, platformName: MAC, proxy: Proxy(), setWindowRect: true, strictFileInteractability: false, timeouts: {implicit: 0, pageLoad: 300000, script: 30000}, unhandledPromptBehavior: dismiss and notify, webauthn:virtualAuthenticators: true}
Session ID: 13d83fc993ccc73dfe1af2ef49297397
*** Element info: {Using=xpath, value=//a[contains(text(), 'Contacts')}}]]>
            </message>
            <full-stacktrace>
              <![CDATA[org.openqa.selenium.InvalidSelectorException: invalid selector: Unable to locate an element with the xpath expression //a[contains(text(), 'Contacts')} because of the following error:
SyntaxError: Failed to execute 'evaluate' on 'Document': The string '//a[contains(text(), 'Contacts')}' is not a valid XPath expression.
  (Session info: chrome=87.0.4280.88)
For documentation on this error, please visit: https://www.seleniumhq.org/exceptions/invalid_selector_exception.html
Build info: version: '3.141.59', revision: 'e82be7d358', time: '2018-11-14T08:17:03'
System info: host: 'Mohammads-MBP-2', ip: 'fe80:0:0:0:101c:f5e5:4d5:3f12%en0', os.name: 'Mac OS X', os.arch: 'x86_64', os.version: '10.15.6', java.version: '13.0.1'
Driver info: org.openqa.selenium.chrome.ChromeDriver
Capabilities {acceptInsecureCerts: false, browserName: chrome, browserVersion: 87.0.4280.88, chrome: {chromedriverVersion: 86.0.4240.22 (398b0743353ff..., userDataDir: /var/folders/92/nl00jjg57ql...}, goog:chromeOptions: {debuggerAddress: localhost:54187}, javascriptEnabled: true, networkConnectionEnabled: false, pageLoadStrategy: normal, platform: MAC, platformName: MAC, proxy: Proxy(), setWindowRect: true, strictFileInteractability: false, timeouts: {implicit: 0, pageLoad: 300000, script: 30000}, unhandledPromptBehavior: dismiss and notify, webauthn:virtualAuthenticators: true}
Session ID: 13d83fc993ccc73dfe1af2ef49297397
*** Element info: {Using=xpath, value=//a[contains(text(), 'Contacts')}}
at java.base/jdk.internal.reflect.NativeConstructorAccessorImpl.newInstance0(Native Method)
at java.base/jdk.internal.reflect.NativeConstructorAccessorImpl.newInstance(NativeConstructorAccessorImpl.java:62)
at java.base/jdk.internal.reflect.DelegatingConstructorAccessorImpl.newInstance(DelegatingConstructorAccessorImpl.java:45)
at java.base/java.lang.reflect.Constructor.newInstanceWithCaller(Constructor.java:500)
at java.base/java.lang.reflect.Constructor.newInstance(Constructor.java:481)
at org.openqa.selenium.remote.http.W3CHttpResponseCodec.createException(W3CHttpResponseCodec.java:187)
at org.openqa.selenium.remote.http.W3CHttpResponseCodec.decode(W3CHttpResponseCodec.java:122)
at org.openqa.selenium.remote.http.W3CHttpResponseCodec.decode(W3CHttpResponseCodec.java:49)
at org.openqa.selenium.remote.HttpCommandExecutor.execute(HttpCommandExecutor.java:158)
at org.openqa.selenium.remote.service.DriverCommandExecutor.execute(DriverCommandExecutor.java:83)
at org.openqa.selenium.remote.RemoteWebDriver.execute(RemoteWebDriver.java:552)
at org.openqa.selenium.remote.RemoteWebDriver.findElement(RemoteWebDriver.java:323)
at org.openqa.selenium.remote.RemoteWebDriver.findElementByXPath(RemoteWebDriver.java:428)
at org.openqa.selenium.By$ByXPath.findElement(By.java:353)
at org.openqa.selenium.remote.RemoteWebDriver.findElement(RemoteWebDriver.java:315)
at org.openqa.selenium.support.pagefactory.DefaultElementLocator.findElement(DefaultElementLocator.java:69)
at org.openqa.selenium.support.pagefactory.internal.LocatingElementHandler.invoke(LocatingElementHandler.java:38)
at com.sun.proxy.$Proxy12.click(Unknown Source)
at crm.pages.HomePage.clickonContacts(HomePage.java:35)
at crm.testcases.HomePageTests.verifyContactsLinkTest(HomePageTests.java:54)
at java.base/jdk.internal.reflect.NativeMethodAccessorImpl.invoke0(Native Method)
at java.base/jdk.internal.reflect.NativeMethodAccessorImpl.invoke(NativeMethodAccessorImpl.java:62)
at java.base/jdk.internal.reflect.DelegatingMethodAccessorImpl.invoke(DelegatingMethodAccessorImpl.java:43)
at java.base/java.lang.reflect.Method.invoke(Method.java:567)
at org.testng.internal.MethodInvocationHelper.invokeMethod(MethodInvocationHelper.java:135)
at org.testng.internal.TestInvoker.invokeMethod(TestInvoker.java:598)
at org.testng.internal.TestInvoker.invokeTestMethod(TestInvoker.java:174)
at org.testng.internal.MethodRunner.runInSequence(MethodRunner.java:46)
at org.testng.internal.TestInvoker$MethodInvocationAgent.invoke(TestInvoker.java:821)
at org.testng.internal.TestInvoker.invokeTestMethods(TestInvoker.java:147)
at org.testng.internal.TestMethodWorker.invokeTestMethods(TestMethodWorker.java:146)
at org.testng.internal.TestMethodWorker.run(TestMethodWorker.java:128)
at java.base/java.util.ArrayList.forEach(ArrayList.java:1507)
at org.testng.TestRunner.privateRun(TestRunner.java:767)
at org.testng.TestRunner.run(TestRunner.java:588)
at org.testng.SuiteRunner.runTest(SuiteRunner.java:384)
at org.testng.SuiteRunner.access$000(SuiteRunner.java:28)
at org.testng.SuiteRunner$SuiteWorker.run(SuiteRunner.java:425)
at org.testng.internal.thread.ThreadUtil.lambda$execute$0(ThreadUtil.java:68)
at java.base/java.util.concurrent.FutureTask.run(FutureTask.java:264)
at java.base/java.util.concurrent.ThreadPoolExecutor.runWorker(ThreadPoolExecutor.java:1128)
at java.base/java.util.concurrent.ThreadPoolExecutor$Worker.run(ThreadPoolExecutor.java:628)
at java.base/java.lang.Thread.run(Thread.java:830)
]]>
            </full-stacktrace>
          </exception> <!-- org.openqa.selenium.InvalidSelectorException -->
          <reporter-output>
          </reporter-output>
        </test-method> <!-- verifyContactsLinkTest -->
        <test-method is-config="true" signature="closeBrowser()[pri:0, instance:crm.testcases.HomePageTests@2b6856dd]" started-at="2020-12-07T23:25:13 EST" name="closeBrowser" finished-at="2020-12-07T23:25:14 EST" duration-ms="220" status="PASS">
          <reporter-output>
          </reporter-output>
        </test-method> <!-- closeBrowser -->
      </class> <!-- crm.testcases.HomePageTests -->
    </test> <!-- Free CRM App Test Cases -->
  </suite> <!-- Free CRM Application Automation Test Suite -->
</testng-results>
